<?xml version="1.0" encoding="UTF-8"?>
<!-- Generated by org.testng.reporters.JUnitReportReporter -->
<testsuite hostname="ezs013" name="com.eResidue.result.TestSuite" tests="1" failures="0" timestamp="15 Sep 2017 10:29:23 GMT" time="0.003" errors="0">
  <testcase name="f" time="0.003" classname="com.eResidue.result.TestSuite"/>
</testsuite> <!-- com.eResidue.result.TestSuite -->
