<?xml version="1.0" encoding="UTF-8"?>
<!-- Generated by org.testng.reporters.JUnitReportReporter -->
<testsuite hostname="ezs013" name="com.eResidue.result.CreateFolderewithTimeStamp" tests="1" failures="0" timestamp="15 Sep 2017 11:09:24 GMT" time="0.027" errors="0">
  <testcase name="CreateFileWithTimeStamp" time="0.027" classname="com.eResidue.result.CreateFolderewithTimeStamp"/>
</testsuite> <!-- com.eResidue.result.CreateFolderewithTimeStamp -->
