<?xml version="1.0" encoding="UTF-8"?>
<!-- Generated by org.testng.reporters.JUnitReportReporter -->
<testsuite hostname="ezs013" name="com.eResidue.Equipment.Equipment_Name" tests="1" failures="0" timestamp="18 Sep 2017 13:13:22 GMT" time="16.313" errors="0">
  <testcase name="google" time="16.313" classname="com.eResidue.Equipment.Equipment_Name"/>
</testsuite> <!-- com.eResidue.Equipment.Equipment_Name -->
