<?xml version="1.0" encoding="UTF-8"?>
<!-- Generated by org.testng.reporters.JUnitReportReporter -->
<testsuite hostname="ezs013" name="com.eResidue.Equipment.Equipment_SF_Area" tests="2" failures="0" timestamp="15 Sep 2017 11:09:24 GMT" time="3.870" errors="0">
  <testcase name="sign" time="1.976" classname="com.eResidue.Equipment.Equipment_SF_Area"/>
  <testcase name="close" time="1.894" classname="com.eResidue.Equipment.Equipment_SF_Area"/>
</testsuite> <!-- com.eResidue.Equipment.Equipment_SF_Area -->
