<?xml version="1.0" encoding="UTF-8"?>
<!-- Generated by org.testng.reporters.JUnitReportReporter -->
<testsuite hostname="ezs013" name="com.eResidue.result.CreateFolderewithTimeStamp" tests="1" failures="0" timestamp="18 Sep 2017 13:16:06 GMT" time="1.492" errors="0">
  <testcase name="CreateFileWithTimeStamp" time="1.492" classname="com.eResidue.result.CreateFolderewithTimeStamp"/>
</testsuite> <!-- com.eResidue.result.CreateFolderewithTimeStamp -->
