<?xml version="1.0" encoding="UTF-8"?>
<!-- Generated by org.testng.reporters.JUnitReportReporter -->
<testsuite hostname="ezs013" name="com.eResidue.email.SendMail" tests="1" failures="0" timestamp="18 Sep 2017 13:16:06 GMT" time="3.812" errors="0">
  <testcase name="execute" time="3.812" classname="com.eResidue.email.SendMail"/>
</testsuite> <!-- com.eResidue.email.SendMail -->
